Using pre-set license
Built from '2020.3/staging' branch; Version is '2020.3.18f1 (a7d1c678663c) revision 10998214'; Using compiler version '192528614'; Build Type 'Release'
OS: 'Windows 10 Home; OS build 19043.1348; Version 2009; 64bit' Language: 'en' Physical Memory: 16333 MB
BatchMode: 1, IsHumanControllingUs: 0, StartBugReporterOnCrash: 0, Is64bit: 1, IsPro: 0

COMMAND LINE ARGUMENTS:
D:\2020.3.18f1\Editor\Unity.exe
-adb2
-batchMode
-noUpm
-name
AssetImportWorker0
-projectPath
D:/Repo/ProgrammingCA_Game/NaomiKaufman_ProgramCA1
-logFile
Logs/AssetImportWorker0.log
-srvPort
63313
Successfully changed project path to: D:/Repo/ProgrammingCA_Game/NaomiKaufman_ProgramCA1
D:/Repo/ProgrammingCA_Game/NaomiKaufman_ProgramCA1
Using Asset Import Pipeline V2.
Refreshing native plugins compatible for Editor in 65.50 ms, found 2 plugins.
Preloading 0 native plugins for Editor in 0.00 ms.
Initialize engine version: 2020.3.18f1 (a7d1c678663c)
[Subsystems] Discovering subsystems at path D:/2020.3.18f1/Editor/Data/Resources/UnitySubsystems
[Subsystems] Discovering subsystems at path D:/Repo/ProgrammingCA_Game/NaomiKaufman_ProgramCA1/Assets
GfxDevice: creating device client; threaded=0
Direct3D:
    Version:  Direct3D 11.0 [level 11.1]
    Renderer: NVIDIA GeForce GTX 970M (ID=0x1618)
    Vendor:   
    VRAM:     3029 MB
    Driver:   26.21.14.3086
Initialize mono
Mono path[0] = 'D:/2020.3.18f1/Editor/Data/Managed'
Mono path[1] = 'D:/2020.3.18f1/Editor/Data/MonoBleedingEdge/lib/mono/unityjit'
Mono config path = 'D:/2020.3.18f1/Editor/Data/MonoBleedingEdge/etc'
Using monoOptions --debugger-agent=transport=dt_socket,embedding=1,server=y,suspend=n,address=127.0.0.1:56492
Begin MonoManager ReloadAssembly
Registering precompiled unity dll's ...
Register platform support module: D:/2020.3.18f1/Editor/Data/PlaybackEngines/MacStandaloneSupport/UnityEditor.OSXStandalone.Extensions.dll
Register platform support module: D:/2020.3.18f1/Editor/Data/PlaybackEngines/WindowsStandaloneSupport/UnityEditor.WindowsStandalone.Extensions.dll
Registered in 0.002237 seconds.
Native extension for WindowsStandalone target not found
Native extension for OSXStandalone target not found
Refreshing native plugins compatible for Editor in 64.81 ms, found 2 plugins.
Preloading 0 native plugins for Editor in 0.00 ms.
Mono: successfully reloaded assembly
- Completed reload, in  2.602 seconds
Domain Reload Profiling:
	ReloadAssembly (2602ms)
		BeginReloadAssembly (93ms)
			ExecutionOrderSort (0ms)
			DisableScriptedObjects (0ms)
			BackupInstance (0ms)
			ReleaseScriptingObjects (0ms)
			CreateAndSetChildDomain (2ms)
		EndReloadAssembly (783ms)
			LoadAssemblies (92ms)
			RebuildTransferFunctionScriptingTraits (0ms)
			SetupTypeCache (298ms)
			ReleaseScriptCaches (0ms)
			RebuildScriptCaches (58ms)
			SetupLoadedEditorAssemblies (304ms)
				LogAssemblyErrors (0ms)
				InitializePlatformSupportModulesInManaged (8ms)
				SetLoadedEditorAssemblies (0ms)
				RefreshPlugins (65ms)
				BeforeProcessingInitializeOnLoad (28ms)
				ProcessInitializeOnLoadAttributes (149ms)
				ProcessInitializeOnLoadMethodAttributes (53ms)
				AfterProcessingInitializeOnLoad (0ms)
				EditorAssembliesLoaded (0ms)
			ExecutionOrderSort2 (0ms)
			AwakeInstancesAfterBackupRestoration (0ms)
Platform modules already initialized, skipping
Registering precompiled user dll's ...
Registered in 0.003463 seconds.
Begin MonoManager ReloadAssembly
Native extension for WindowsStandalone target not found
Native extension for OSXStandalone target not found
Refreshing native plugins compatible for Editor in 65.41 ms, found 2 plugins.
Preloading 0 native plugins for Editor in 0.00 ms.
Mono: successfully reloaded assembly
- Completed reload, in  2.220 seconds
Domain Reload Profiling:
	ReloadAssembly (2222ms)
		BeginReloadAssembly (270ms)
			ExecutionOrderSort (0ms)
			DisableScriptedObjects (10ms)
			BackupInstance (0ms)
			ReleaseScriptingObjects (0ms)
			CreateAndSetChildDomain (33ms)
		EndReloadAssembly (1842ms)
			LoadAssemblies (177ms)
			RebuildTransferFunctionScriptingTraits (0ms)
			SetupTypeCache (559ms)
			ReleaseScriptCaches (1ms)
			RebuildScriptCaches (104ms)
			SetupLoadedEditorAssemblies (733ms)
				LogAssemblyErrors (0ms)
				InitializePlatformSupportModulesInManaged (8ms)
				SetLoadedEditorAssemblies (0ms)
				RefreshPlugins (66ms)
				BeforeProcessingInitializeOnLoad (119ms)
				ProcessInitializeOnLoadAttributes (527ms)
				ProcessInitializeOnLoadMethodAttributes (8ms)
				AfterProcessingInitializeOnLoad (4ms)
				EditorAssembliesLoaded (0ms)
			ExecutionOrderSort2 (0ms)
			AwakeInstancesAfterBackupRestoration (15ms)
Platform modules already initialized, skipping
========================================================================
Worker process is ready to serve import requests
Launched and connected shader compiler UnityShaderCompiler.exe after 0.20 seconds
Refreshing native plugins compatible for Editor in 0.54 ms, found 2 plugins.
Preloading 0 native plugins for Editor in 0.00 ms.
Unloading 1840 Unused Serialized files (Serialized files now loaded: 0)
System memory in use before: 81.1 MB.
System memory in use after: 81.2 MB.

Unloading 19 unused Assets to reduce memory usage. Loaded Objects now: 2277.
Total: 5.202500 ms (FindLiveObjects: 0.290900 ms CreateObjectMapping: 0.162600 ms MarkObjects: 4.642200 ms  DeleteObjects: 0.105100 ms)

AssetImportParameters requested are different than current active one (requested -> active):
  custom:framework-win-MediaFoundation: 216162199b28c13a410421893ffa2e32 -> 
  custom:video-decoder-ogg-theora: a1e56fd34408186e4bbccfd4996cb3dc -> 
  custom:container-muxer-webm: aa71ff27fc2769a1b78a27578f13a17b -> 
  custom:container-demuxer-webm: 4f35f7cbe854078d1ac9338744f61a02 -> 
  custom:container-demuxer-ogg: 62fdf1f143b41e24485cea50d1cbac27 -> 
  custom:video-encoder-webm-vp8: eb34c28f22e8b96e1ab97ce403110664 -> 
  custom:video-decoder-webm-vp8: 9c59270c3fd7afecdb556c50c9e8de78 -> 
  custom:audio-decoder-ogg-vorbis: bf7c407c2cedff20999df2af8eb42d56 -> 
  custom:audio-encoder-webm-vorbis: bf7c407c2cedff20999df2af8eb42d56 -> 
========================================================================
Received Import Request.
  path: Assets/PlayerControls.inputactions
  artifactKey: Guid(281232b21b209244ba5eb73d42a6a460) Importer(815301076,1909f56bfc062723c751e8b465ee728b)
Start importing Assets/PlayerControls.inputactions using Guid(281232b21b209244ba5eb73d42a6a460) Importer(815301076,1909f56bfc062723c751e8b465ee728b)  -> (artifact id: '7016634a3547bf46928ddb3b5bc7f02a') in 0.085808 seconds 
  Import took 0.090517 seconds .

========================================================================
Received Import Request.
  Time since last request: 30.504802 seconds.
  path: Assets/PlayerControler.inputactions
  artifactKey: Guid(281232b21b209244ba5eb73d42a6a460) Importer(815301076,1909f56bfc062723c751e8b465ee728b)
Start importing Assets/PlayerControler.inputactions using Guid(281232b21b209244ba5eb73d42a6a460) Importer(815301076,1909f56bfc062723c751e8b465ee728b)  -> (artifact id: 'e02f2474e63c9ab850845eff690469dd') in 0.019619 seconds 
  Import took 0.027415 seconds .

========================================================================
Received Import Request.
  Time since last request: 15.127219 seconds.
  path: Assets/PlayerController.inputactions
  artifactKey: Guid(281232b21b209244ba5eb73d42a6a460) Importer(815301076,1909f56bfc062723c751e8b465ee728b)
Start importing Assets/PlayerController.inputactions using Guid(281232b21b209244ba5eb73d42a6a460) Importer(815301076,1909f56bfc062723c751e8b465ee728b)  -> (artifact id: 'bc12bedac65b68d1ffed8c249bde947c') in 0.016011 seconds 
  Import took 0.024418 seconds .

========================================================================
Received Import Request.
  Time since last request: 22.278994 seconds.
  path: Assets/PlayerController.inputactions
  artifactKey: Guid(281232b21b209244ba5eb73d42a6a460) Importer(815301076,1909f56bfc062723c751e8b465ee728b)
Start importing Assets/PlayerController.inputactions using Guid(281232b21b209244ba5eb73d42a6a460) Importer(815301076,1909f56bfc062723c751e8b465ee728b)  -> (artifact id: 'b9a13139ddf7721de044f3d3f3b18b2c') in 0.006055 seconds 
  Import took 0.011851 seconds .

========================================================================
Received Import Request.
  Time since last request: 0.015623 seconds.
  path: Assets/PlayerController.inputactions
  artifactKey: Guid(281232b21b209244ba5eb73d42a6a460) Importer(815301076,1909f56bfc062723c751e8b465ee728b)
Start importing Assets/PlayerController.inputactions using Guid(281232b21b209244ba5eb73d42a6a460) Importer(815301076,1909f56bfc062723c751e8b465ee728b)  -> (artifact id: 'b9a13139ddf7721de044f3d3f3b18b2c') in 0.007507 seconds 
  Import took 0.014240 seconds .

========================================================================
Received Prepare
Registering precompiled user dll's ...
Registered in 0.003581 seconds.
Begin MonoManager ReloadAssembly
Native extension for WindowsStandalone target not found
Native extension for OSXStandalone target not found
Refreshing native plugins compatible for Editor in 0.59 ms, found 2 plugins.
Preloading 0 native plugins for Editor in 0.00 ms.
Mono: successfully reloaded assembly
- Completed reload, in  2.077 seconds
Domain Reload Profiling:
	ReloadAssembly (2078ms)
		BeginReloadAssembly (207ms)
			ExecutionOrderSort (0ms)
			DisableScriptedObjects (8ms)
			BackupInstance (0ms)
			ReleaseScriptingObjects (0ms)
			CreateAndSetChildDomain (65ms)
		EndReloadAssembly (1757ms)
			LoadAssemblies (162ms)
			RebuildTransferFunctionScriptingTraits (0ms)
			SetupTypeCache (681ms)
			ReleaseScriptCaches (1ms)
			RebuildScriptCaches (88ms)
			SetupLoadedEditorAssemblies (603ms)
				LogAssemblyErrors (0ms)
				InitializePlatformSupportModulesInManaged (9ms)
				SetLoadedEditorAssemblies (1ms)
				RefreshPlugins (1ms)
				BeforeProcessingInitializeOnLoad (126ms)
				ProcessInitializeOnLoadAttributes (453ms)
				ProcessInitializeOnLoadMethodAttributes (7ms)
				AfterProcessingInitializeOnLoad (4ms)
				EditorAssembliesLoaded (0ms)
			ExecutionOrderSort2 (0ms)
			AwakeInstancesAfterBackupRestoration (12ms)
Platform modules already initialized, skipping
Refreshing native plugins compatible for Editor in 0.48 ms, found 2 plugins.
Preloading 0 native plugins for Editor in 0.00 ms.
Unloading 1833 Unused Serialized files (Serialized files now loaded: 0)
System memory in use before: 81.0 MB.
System memory in use after: 81.1 MB.

Unloading 12 unused Assets to reduce memory usage. Loaded Objects now: 2280.
Total: 5.397600 ms (FindLiveObjects: 0.332400 ms CreateObjectMapping: 0.174200 ms MarkObjects: 4.856800 ms  DeleteObjects: 0.032200 ms)

AssetImportParameters requested are different than current active one (requested -> active):
  custom:framework-win-MediaFoundation: 216162199b28c13a410421893ffa2e32 -> 
  custom:video-decoder-ogg-theora: a1e56fd34408186e4bbccfd4996cb3dc -> 
  custom:container-muxer-webm: aa71ff27fc2769a1b78a27578f13a17b -> 
  custom:container-demuxer-webm: 4f35f7cbe854078d1ac9338744f61a02 -> 
  custom:container-demuxer-ogg: 62fdf1f143b41e24485cea50d1cbac27 -> 
  custom:video-encoder-webm-vp8: eb34c28f22e8b96e1ab97ce403110664 -> 
  custom:video-decoder-webm-vp8: 9c59270c3fd7afecdb556c50c9e8de78 -> 
  custom:audio-decoder-ogg-vorbis: bf7c407c2cedff20999df2af8eb42d56 -> 
  custom:audio-encoder-webm-vorbis: bf7c407c2cedff20999df2af8eb42d56 -> 
========================================================================
Received Import Request.
  Time since last request: 64.577806 seconds.
  path: Assets/PlayerControls.asset
  artifactKey: Guid(a5e4b41059027354d9f1708024b7ccb6) Importer(815301076,1909f56bfc062723c751e8b465ee728b)
Start importing Assets/PlayerControls.asset using Guid(a5e4b41059027354d9f1708024b7ccb6) Importer(815301076,1909f56bfc062723c751e8b465ee728b)  -> (artifact id: '3c97c85ed869b843e318360c2b0b0005') in 0.033693 seconds 
  Import took 0.041279 seconds .

========================================================================
Received Import Request.
  Time since last request: 25.111811 seconds.
  path: Assets/Scripts/NewPlayerMove.cs
  artifactKey: Guid(cb2ffe1a4c2825943909855e8c4ac3ea) Importer(815301076,1909f56bfc062723c751e8b465ee728b)
Start importing Assets/Scripts/NewPlayerMove.cs using Guid(cb2ffe1a4c2825943909855e8c4ac3ea) Importer(815301076,1909f56bfc062723c751e8b465ee728b)  -> (artifact id: 'defa6fddd91f7247fb98669962b96849') in 0.012403 seconds 
  Import took 0.017423 seconds .

========================================================================
Received Import Request.
  Time since last request: 0.043306 seconds.
  path: Assets/Scripts/NewPlayerMove.cs
  artifactKey: Guid(cb2ffe1a4c2825943909855e8c4ac3ea) Importer(815301076,1909f56bfc062723c751e8b465ee728b)
Start importing Assets/Scripts/NewPlayerMove.cs using Guid(cb2ffe1a4c2825943909855e8c4ac3ea) Importer(815301076,1909f56bfc062723c751e8b465ee728b)  -> (artifact id: 'defa6fddd91f7247fb98669962b96849') in 0.005963 seconds 
  Import took 0.011532 seconds .

========================================================================
Received Import Request.
  Time since last request: 5.604038 seconds.
  path: Assets/Scripts/PlayerMove.cs
  artifactKey: Guid(cb2ffe1a4c2825943909855e8c4ac3ea) Importer(815301076,1909f56bfc062723c751e8b465ee728b)
Start importing Assets/Scripts/PlayerMove.cs using Guid(cb2ffe1a4c2825943909855e8c4ac3ea) Importer(815301076,1909f56bfc062723c751e8b465ee728b)  -> (artifact id: '97e8a3c7395fee36cb3dedf603f3ec7b') in 0.015463 seconds 
  Import took 0.021572 seconds .

========================================================================
Received Import Request.
  Time since last request: 42.778475 seconds.
  path: Assets/Scripts/PlayerMove.cs
  artifactKey: Guid(cb2ffe1a4c2825943909855e8c4ac3ea) Importer(815301076,1909f56bfc062723c751e8b465ee728b)
Start importing Assets/Scripts/PlayerMove.cs using Guid(cb2ffe1a4c2825943909855e8c4ac3ea) Importer(815301076,1909f56bfc062723c751e8b465ee728b)  -> (artifact id: 'ca21bef1c30c62384feccd533d7cd50a') in 0.003293 seconds 
  Import took 0.008290 seconds .

========================================================================
Received Import Request.
  Time since last request: 266.367089 seconds.
  path: Assets/PlayerController.inputactions
  artifactKey: Guid(281232b21b209244ba5eb73d42a6a460) Importer(815301076,1909f56bfc062723c751e8b465ee728b)
Start importing Assets/PlayerController.inputactions using Guid(281232b21b209244ba5eb73d42a6a460) Importer(815301076,1909f56bfc062723c751e8b465ee728b)  -> (artifact id: '41f285606385bc32ead3e9508ed29b7a') in 0.024123 seconds 
  Import took 0.029199 seconds .

========================================================================
Received Prepare
Registering precompiled user dll's ...
Registered in 0.004713 seconds.
Begin MonoManager ReloadAssembly
Native extension for WindowsStandalone target not found
Native extension for OSXStandalone target not found
Refreshing native plugins compatible for Editor in 0.61 ms, found 2 plugins.
Preloading 0 native plugins for Editor in 0.00 ms.
Mono: successfully reloaded assembly
- Completed reload, in  2.009 seconds
Domain Reload Profiling:
	ReloadAssembly (2010ms)
		BeginReloadAssembly (195ms)
			ExecutionOrderSort (0ms)
			DisableScriptedObjects (10ms)
			BackupInstance (0ms)
			ReleaseScriptingObjects (0ms)
			CreateAndSetChildDomain (65ms)
		EndReloadAssembly (1699ms)
			LoadAssemblies (162ms)
			RebuildTransferFunctionScriptingTraits (0ms)
			SetupTypeCache (665ms)
			ReleaseScriptCaches (1ms)
			RebuildScriptCaches (88ms)
			SetupLoadedEditorAssemblies (568ms)
				LogAssemblyErrors (0ms)
				InitializePlatformSupportModulesInManaged (9ms)
				SetLoadedEditorAssemblies (1ms)
				RefreshPlugins (1ms)
				BeforeProcessingInitializeOnLoad (117ms)
				ProcessInitializeOnLoadAttributes (429ms)
				ProcessInitializeOnLoadMethodAttributes (7ms)
				AfterProcessingInitializeOnLoad (4ms)
				EditorAssembliesLoaded (1ms)
			ExecutionOrderSort2 (0ms)
			AwakeInstancesAfterBackupRestoration (12ms)
Platform modules already initialized, skipping
Refreshing native plugins compatible for Editor in 0.53 ms, found 2 plugins.
Preloading 0 native plugins for Editor in 0.00 ms.
Unloading 1834 Unused Serialized files (Serialized files now loaded: 0)
System memory in use before: 81.1 MB.
System memory in use after: 81.2 MB.

Unloading 12 unused Assets to reduce memory usage. Loaded Objects now: 2283.
Total: 5.829500 ms (FindLiveObjects: 0.249000 ms CreateObjectMapping: 0.159200 ms MarkObjects: 5.384600 ms  DeleteObjects: 0.034500 ms)

AssetImportParameters requested are different than current active one (requested -> active):
  custom:framework-win-MediaFoundation: 216162199b28c13a410421893ffa2e32 -> 
  custom:video-decoder-ogg-theora: a1e56fd34408186e4bbccfd4996cb3dc -> 
  custom:container-muxer-webm: aa71ff27fc2769a1b78a27578f13a17b -> 
  custom:container-demuxer-webm: 4f35f7cbe854078d1ac9338744f61a02 -> 
  custom:container-demuxer-ogg: 62fdf1f143b41e24485cea50d1cbac27 -> 
  custom:video-encoder-webm-vp8: eb34c28f22e8b96e1ab97ce403110664 -> 
  custom:video-decoder-webm-vp8: 9c59270c3fd7afecdb556c50c9e8de78 -> 
  custom:audio-decoder-ogg-vorbis: bf7c407c2cedff20999df2af8eb42d56 -> 
  custom:audio-encoder-webm-vorbis: bf7c407c2cedff20999df2af8eb42d56 -> 
========================================================================
Received Import Request.
  Time since last request: 9.957665 seconds.
  path: Assets/Scenes
  artifactKey: Guid(f51c6dcc53fdd7e4b92812247e2462d8) Importer(815301076,1909f56bfc062723c751e8b465ee728b)
Start importing Assets/Scenes using Guid(f51c6dcc53fdd7e4b92812247e2462d8) Importer(815301076,1909f56bfc062723c751e8b465ee728b)  -> (artifact id: '944bebe9fc2cabdbf3ba6d81987481ad') in 0.018636 seconds 
  Import took 0.025197 seconds .

========================================================================
Received Import Request.
  Time since last request: 34.478624 seconds.
  path: Assets/Scripts/PlayerManagerFix.cs
  artifactKey: Guid(1a99f3e4148e7c348acb42f7ec90d4d9) Importer(815301076,1909f56bfc062723c751e8b465ee728b)
Start importing Assets/Scripts/PlayerManagerFix.cs using Guid(1a99f3e4148e7c348acb42f7ec90d4d9) Importer(815301076,1909f56bfc062723c751e8b465ee728b)  -> (artifact id: 'e591dd7c0bde63abf0401248182ffa13') in 0.031110 seconds 
  Import took 0.042230 seconds .

========================================================================
Received Import Request.
  Time since last request: 7.433079 seconds.
  path: Assets/Scripts/PlayerManager.cs
  artifactKey: Guid(1a99f3e4148e7c348acb42f7ec90d4d9) Importer(815301076,1909f56bfc062723c751e8b465ee728b)
Start importing Assets/Scripts/PlayerManager.cs using Guid(1a99f3e4148e7c348acb42f7ec90d4d9) Importer(815301076,1909f56bfc062723c751e8b465ee728b)  -> (artifact id: 'a0a271d9ae236a737c2f233667e1a314') in 0.017165 seconds 
  Import took 0.024183 seconds .

========================================================================
Received Import Request.
  Time since last request: 13.425389 seconds.
  path: Assets/Scripts/PlayerManager.cs
  artifactKey: Guid(1a99f3e4148e7c348acb42f7ec90d4d9) Importer(815301076,1909f56bfc062723c751e8b465ee728b)
Start importing Assets/Scripts/PlayerManager.cs using Guid(1a99f3e4148e7c348acb42f7ec90d4d9) Importer(815301076,1909f56bfc062723c751e8b465ee728b)  -> (artifact id: 'cd08da48af22fedec4abebbb822d3697') in 0.006267 seconds 
  Import took 0.011997 seconds .

========================================================================
Received Import Request.
  Time since last request: 8.338954 seconds.
  path: Assets/Scripts/PlayerManager.cs
  artifactKey: Guid(1a99f3e4148e7c348acb42f7ec90d4d9) Importer(815301076,1909f56bfc062723c751e8b465ee728b)
Start importing Assets/Scripts/PlayerManager.cs using Guid(1a99f3e4148e7c348acb42f7ec90d4d9) Importer(815301076,1909f56bfc062723c751e8b465ee728b)  -> (artifact id: 'ab3657d17bfb1438b009f8deaf9f1439') in 0.006728 seconds 
  Import took 0.011970 seconds .

========================================================================
Received Prepare
Registering precompiled user dll's ...
Registered in 0.005767 seconds.
Begin MonoManager ReloadAssembly
Native extension for WindowsStandalone target not found
Native extension for OSXStandalone target not found
Refreshing native plugins compatible for Editor in 0.58 ms, found 2 plugins.
Preloading 0 native plugins for Editor in 0.00 ms.
Mono: successfully reloaded assembly
- Completed reload, in  1.974 seconds
Domain Reload Profiling:
	ReloadAssembly (1975ms)
		BeginReloadAssembly (198ms)
			ExecutionOrderSort (0ms)
			DisableScriptedObjects (9ms)
			BackupInstance (0ms)
			ReleaseScriptingObjects (0ms)
			CreateAndSetChildDomain (63ms)
		EndReloadAssembly (1671ms)
			LoadAssemblies (161ms)
			RebuildTransferFunctionScriptingTraits (0ms)
			SetupTypeCache (649ms)
			ReleaseScriptCaches (1ms)
			RebuildScriptCaches (93ms)
			SetupLoadedEditorAssemblies (571ms)
				LogAssemblyErrors (0ms)
				InitializePlatformSupportModulesInManaged (9ms)
				SetLoadedEditorAssemblies (1ms)
				RefreshPlugins (1ms)
				BeforeProcessingInitializeOnLoad (118ms)
				ProcessInitializeOnLoadAttributes (431ms)
				ProcessInitializeOnLoadMethodAttributes (7ms)
				AfterProcessingInitializeOnLoad (4ms)
				EditorAssembliesLoaded (0ms)
			ExecutionOrderSort2 (0ms)
			AwakeInstancesAfterBackupRestoration (13ms)
Platform modules already initialized, skipping
Refreshing native plugins compatible for Editor in 0.64 ms, found 2 plugins.
Preloading 0 native plugins for Editor in 0.00 ms.
Unloading 1835 Unused Serialized files (Serialized files now loaded: 0)
System memory in use before: 81.1 MB.
System memory in use after: 81.3 MB.

Unloading 12 unused Assets to reduce memory usage. Loaded Objects now: 2286.
Total: 5.374800 ms (FindLiveObjects: 0.320700 ms CreateObjectMapping: 0.199700 ms MarkObjects: 4.824800 ms  DeleteObjects: 0.027600 ms)

AssetImportParameters requested are different than current active one (requested -> active):
  custom:framework-win-MediaFoundation: 216162199b28c13a410421893ffa2e32 -> 
  custom:video-decoder-ogg-theora: a1e56fd34408186e4bbccfd4996cb3dc -> 
  custom:container-muxer-webm: aa71ff27fc2769a1b78a27578f13a17b -> 
  custom:container-demuxer-webm: 4f35f7cbe854078d1ac9338744f61a02 -> 
  custom:container-demuxer-ogg: 62fdf1f143b41e24485cea50d1cbac27 -> 
  custom:video-encoder-webm-vp8: eb34c28f22e8b96e1ab97ce403110664 -> 
  custom:video-decoder-webm-vp8: 9c59270c3fd7afecdb556c50c9e8de78 -> 
  custom:audio-decoder-ogg-vorbis: bf7c407c2cedff20999df2af8eb42d56 -> 
  custom:audio-encoder-webm-vorbis: bf7c407c2cedff20999df2af8eb42d56 -> 
========================================================================
Received Prepare
Registering precompiled user dll's ...
Registered in 0.003485 seconds.
Begin MonoManager ReloadAssembly
Native extension for WindowsStandalone target not found
Native extension for OSXStandalone target not found
Refreshing native plugins compatible for Editor in 0.62 ms, found 2 plugins.
Preloading 0 native plugins for Editor in 0.00 ms.
Mono: successfully reloaded assembly
- Completed reload, in  2.134 seconds
Domain Reload Profiling:
	ReloadAssembly (2135ms)
		BeginReloadAssembly (212ms)
			ExecutionOrderSort (0ms)
			DisableScriptedObjects (9ms)
			BackupInstance (0ms)
			ReleaseScriptingObjects (0ms)
			CreateAndSetChildDomain (62ms)
		EndReloadAssembly (1794ms)
			LoadAssemblies (170ms)
			RebuildTransferFunctionScriptingTraits (0ms)
			SetupTypeCache (663ms)
			ReleaseScriptCaches (2ms)
			RebuildScriptCaches (106ms)
			SetupLoadedEditorAssemblies (632ms)
				LogAssemblyErrors (0ms)
				InitializePlatformSupportModulesInManaged (9ms)
				SetLoadedEditorAssemblies (1ms)
				RefreshPlugins (1ms)
				BeforeProcessingInitializeOnLoad (130ms)
				ProcessInitializeOnLoadAttributes (479ms)
				ProcessInitializeOnLoadMethodAttributes (7ms)
				AfterProcessingInitializeOnLoad (4ms)
				EditorAssembliesLoaded (1ms)
			ExecutionOrderSort2 (0ms)
			AwakeInstancesAfterBackupRestoration (13ms)
Platform modules already initialized, skipping
Refreshing native plugins compatible for Editor in 0.58 ms, found 2 plugins.
Preloading 0 native plugins for Editor in 0.00 ms.
Unloading 1835 Unused Serialized files (Serialized files now loaded: 0)
System memory in use before: 81.2 MB.
System memory in use after: 81.3 MB.

Unloading 12 unused Assets to reduce memory usage. Loaded Objects now: 2288.
Total: 5.341300 ms (FindLiveObjects: 0.278900 ms CreateObjectMapping: 0.120200 ms MarkObjects: 4.914800 ms  DeleteObjects: 0.026100 ms)

AssetImportParameters requested are different than current active one (requested -> active):
  custom:framework-win-MediaFoundation: 216162199b28c13a410421893ffa2e32 -> 
  custom:video-decoder-ogg-theora: a1e56fd34408186e4bbccfd4996cb3dc -> 
  custom:container-muxer-webm: aa71ff27fc2769a1b78a27578f13a17b -> 
  custom:container-demuxer-webm: 4f35f7cbe854078d1ac9338744f61a02 -> 
  custom:container-demuxer-ogg: 62fdf1f143b41e24485cea50d1cbac27 -> 
  custom:video-encoder-webm-vp8: eb34c28f22e8b96e1ab97ce403110664 -> 
  custom:video-decoder-webm-vp8: 9c59270c3fd7afecdb556c50c9e8de78 -> 
  custom:audio-decoder-ogg-vorbis: bf7c407c2cedff20999df2af8eb42d56 -> 
  custom:audio-encoder-webm-vorbis: bf7c407c2cedff20999df2af8eb42d56 -> 
AssetImportWorkerClient::OnTransportError - code=2 error=End of file
